11:26:25.817 skipping bootstrap configuration: could not find or read file: classpath:karate-config.js
11:26:26.712 request:
1 > GET https://vmsatmapi.vms-atmcc-sit.rbb-banking.sdc-nonprod.caas.absa.co.za/atmcomplaints
1 > Accept: application/json
1 > Accept-Encoding: gzip,deflate
1 > Connection: Keep-Alive
1 > Host: vmsatmapi.vms-atmcc-sit.rbb-banking.sdc-nonprod.caas.absa.co.za
1 > User-Agent: Apache-HttpClient/4.5.11 (Java/1.8.0_322)

11:26:26.990 response time in milliseconds: 274.41
1 < 200
1 < Connection: keep-alive
1 < Content-Type: application/json; charset=utf-8
1 < Date: Tue, 19 Apr 2022 09:26:26 GMT
1 < Strict-Transport-Security: max-age=15724800; includeSubDomains
1 < Transfer-Encoding: chunked
1 < Vary: Accept-Encoding
[{"complaintRef":"ACR000000","complaintDate":"2021-09-21T14:35:41.663","customerName":"Customer Name 1","customerSurname":"Customer Surname 1","customerCellphone":"0820000000","customerEmail":"customer@email.com","atmNumber":"S13060","atmLocation":"Waterkloof Corner, Pretoria","isComplaint":true,"reason":"Printing slip","comments":"I did not receive my slip when finishing transaction"},{"complaintRef":"ACR0000002","complaintDate":"2021-09-21T15:35:41.663","customerName":"Customer Name 2","customerSurname":"Customer Surname 2","customerCellphone":"0820000002","customerEmail":"customer2@example.com","atmNumber":"S08004","atmLocation":"Bernard Str, Woodhill, Menlyn","isComplaint":true,"reason":"Broken keypad","comments":"Some keys on the keyboard don't work"},{"complaintRef":"ACR0000018","complaintDate":"2021-10-04T16:46:18.917","customerName":"Customer Name 5","customerSurname":"Customer Surname 5","customerCellphone":"08000000005","customerEmail":"customer5@example.com","atmNumber":null,"atmLocation":"CASCADES CENTRE, Shop 26A Cascades Centre, Pietermaritzburg","isComplaint":true,"reason":"Card swallowed","comments":"I withdrew money and didn't get my card back"},{"complaintRef":"ACR0000007","complaintDate":"2021-10-04T16:46:18.917","customerName":"Customer Name 5","customerSurname":"Customer Surname 5","customerCellphone":"08000000005","customerEmail":"customer5@example.com","atmNumber":null,"atmLocation":"CASCADES CENTRE, Shop 26A Cascades Centre, Pietermaritzburg","isComplaint":true,"reason":"Card swallowed","comments":"I withdrew money and didn't get my card back"},{"complaintRef":"ACR0000019","complaintDate":"2021-10-04T16:46:18.917","customerName":"Customer Name 27","customerSurname":"Customer Surname 27","customerCellphone":"27836679174","customerEmail":"customer5@example.com","atmNumber":null,"atmLocation":"CASCADES CENTRE, Shop 26A Cascades Centre, Pietermaritzburg","isComplaint":true,"reason":"Card swallowed","comments":"I withdrew money and didn't get my card back"},{"complaintRef":"ACR0000020","complaintDate":"2021-10-04T16:46:18.917","customerName":"Customer Name 27","customerSurname":"Customer Surname 27","customerCellphone":"27836679174","customerEmail":"customer5@example.com","atmNumber":null,"atmLocation":"CASCADES CENTRE, Shop 26A Cascades Centre, Pietermaritzburg","isComplaint":true,"reason":"Card swallowed","comments":"I withdrew money and didn't get my card back"},{"complaintRef":"ACR0000021","complaintDate":"2021-10-04T16:46:18.917","customerName":"Customer Name 27","customerSurname":"Customer Surname 27","customerCellphone":"27836679174","customerEmail":"customer5@example.com","atmNumber":null,"atmLocation":"CASCADES CENTRE, Shop 26A Cascades Centre, Pietermaritzburg","isComplaint":true,"reason":"Card swallowed","comments":"I withdrew money and didn't get my card back"},{"complaintRef":"ACR0000022","complaintDate":"2021-10-04T16:46:18.917","customerName":"Customer Name 27","customerSurname":"Customer Surname 27","customerCellphone":"27836679174","customerEmail":"customer5@example.com","atmNumber":null,"atmLocation":"CASCADES CENTRE, Shop 26A Cascades Centre, Pietermaritzburg","isComplaint":true,"reason":"Card swallowed","comments":"I withdrew money and didn't get my card back"},{"complaintRef":"ACR0000023","complaintDate":"2021-10-04T16:46:18.917","customerName":"Customer Name 31","customerSurname":"Customer Surname 56","customerCellphone":"27836679174","customerEmail":"customer5@example.com","atmNumber":null,"atmLocation":"CASCADES CENTRE, Shop 26A Cascades Centre, Pietermaritzburg","isComplaint":true,"reason":"Card swallowed","comments":"I withdrew money and didn't get my card back"},{"complaintRef":"ACR0000024","complaintDate":"2021-10-04T16:46:18.917","customerName":"Customer Nam876","customerSurname":"Customer Surname 56","customerCellphone":"27836679174","customerEmail":"customer5@example.com","atmNumber":null,"atmLocation":"CASCADES CENTRE, Shop 26A Cascades Centre, Pietermaritzburg","isComplaint":true,"reason":"Card swallowed","comments":"I withdrew money and didn't get my card back"},{"complaintRef":"ACR0000025","complaintDate":"2021-10-04T16:46:18.917","customerName":"Customer dcgfvg","customerSurname":"Customer Surname 56","customerCellphone":"27836679174","customerEmail":"customer5@example.com","atmNumber":null,"atmLocation":"CASCADES CENTRE, Shop 26A Cascades Centre, Pietermaritzburg","isComplaint":true,"reason":"Card swallowed","comments":"I withdrew money and didn't get my card back"},{"complaintRef":"ACR0000026","complaintDate":"2021-10-04T16:46:18.917","customerName":"Customer dcgfvg","customerSurname":"Customer Surname 56","customerCellphone":"27836679174","customerEmail":"customer5@example.com","atmNumber":null,"atmLocation":"CASCADES CENTRE, Shop 26A Cascades Centre, Pietermaritzburg","isComplaint":true,"reason":"Card swallowed","comments":"I withdrew money and didn't get my card back"},{"complaintRef":"ACR0000027","complaintDate":"2022-04-18T06:34:18.917","customerName":"Customer Name 3","customerSurname":"Customer Surname 3","customerCellphone":"27836679174","customerEmail":"customer2@example.com","atmNumber":null,"atmLocation":"HILCREST BOULEVARD 1, 228 Lynnwood Road, Pretoria","isComplaint":true,"reason":"Required denominations not available","comments":"Required denominations not available"},{"complaintRef":"ACR0000028","complaintDate":"2022-04-18T06:34:18.917","customerName":"Customer Name 3","customerSurname":"Customer Surname 3","customerCellphone":"27836679174","customerEmail":"customer2@example.com","atmNumber":null,"atmLocation":"HILCREST BOULEVARD 1, 228 Lynnwood Road, Pretoria","isComplaint":true,"reason":"Required denominations not available","comments":"Required denominations not available"}]

11:26:27.048 [print] [
  {
    "customerSurname": "Customer Surname 1",
    "reason": "Printing slip",
    "complaintDate": "2021-09-21T14:35:41.663",
    "atmLocation": "Waterkloof Corner, Pretoria",
    "comments": "I did not receive my slip when finishing transaction",
    "complaintRef": "ACR000000",
    "customerEmail": "customer@email.com",
    "atmNumber": "S13060",
    "customerCellphone": "0820000000",
    "isComplaint": true,
    "customerName": "Customer Name 1"
  },
  {
    "customerSurname": "Customer Surname 2",
    "reason": "Broken keypad",
    "complaintDate": "2021-09-21T15:35:41.663",
    "atmLocation": "Bernard Str, Woodhill, Menlyn",
    "comments": "Some keys on the keyboard don't work",
    "complaintRef": "ACR0000002",
    "customerEmail": "customer2@example.com",
    "atmNumber": "S08004",
    "customerCellphone": "0820000002",
    "isComplaint": true,
    "customerName": "Customer Name 2"
  },
  {
    "customerSurname": "Customer Surname 5",
    "reason": "Card swallowed",
    "complaintDate": "2021-10-04T16:46:18.917",
    "atmLocation": "CASCADES CENTRE, Shop 26A Cascades Centre, Pietermaritzburg",
    "comments": "I withdrew money and didn't get my card back",
    "complaintRef": "ACR0000018",
    "customerEmail": "customer5@example.com",
    "atmNumber": null,
    "customerCellphone": "08000000005",
    "isComplaint": true,
    "customerName": "Customer Name 5"
  },
  {
    "customerSurname": "Customer Surname 5",
    "reason": "Card swallowed",
    "complaintDate": "2021-10-04T16:46:18.917",
    "atmLocation": "CASCADES CENTRE, Shop 26A Cascades Centre, Pietermaritzburg",
    "comments": "I withdrew money and didn't get my card back",
    "complaintRef": "ACR0000007",
    "customerEmail": "customer5@example.com",
    "atmNumber": null,
    "customerCellphone": "08000000005",
    "isComplaint": true,
    "customerName": "Customer Name 5"
  },
  {
    "customerSurname": "Customer Surname 27",
    "reason": "Card swallowed",
    "complaintDate": "2021-10-04T16:46:18.917",
    "atmLocation": "CASCADES CENTRE, Shop 26A Cascades Centre, Pietermaritzburg",
    "comments": "I withdrew money and didn't get my card back",
    "complaintRef": "ACR0000019",
    "customerEmail": "customer5@example.com",
    "atmNumber": null,
    "customerCellphone": "27836679174",
    "isComplaint": true,
    "customerName": "Customer Name 27"
  },
  {
    "customerSurname": "Customer Surname 27",
    "reason": "Card swallowed",
    "complaintDate": "2021-10-04T16:46:18.917",
    "atmLocation": "CASCADES CENTRE, Shop 26A Cascades Centre, Pietermaritzburg",
    "comments": "I withdrew money and didn't get my card back",
    "complaintRef": "ACR0000020",
    "customerEmail": "customer5@example.com",
    "atmNumber": null,
    "customerCellphone": "27836679174",
    "isComplaint": true,
    "customerName": "Customer Name 27"
  },
  {
    "customerSurname": "Customer Surname 27",
    "reason": "Card swallowed",
    "complaintDate": "2021-10-04T16:46:18.917",
    "atmLocation": "CASCADES CENTRE, Shop 26A Cascades Centre, Pietermaritzburg",
    "comments": "I withdrew money and didn't get my card back",
    "complaintRef": "ACR0000021",
    "customerEmail": "customer5@example.com",
    "atmNumber": null,
    "customerCellphone": "27836679174",
    "isComplaint": true,
    "customerName": "Customer Name 27"
  },
  {
    "customerSurname": "Customer Surname 27",
    "reason": "Card swallowed",
    "complaintDate": "2021-10-04T16:46:18.917",
    "atmLocation": "CASCADES CENTRE, Shop 26A Cascades Centre, Pietermaritzburg",
    "comments": "I withdrew money and didn't get my card back",
    "complaintRef": "ACR0000022",
    "customerEmail": "customer5@example.com",
    "atmNumber": null,
    "customerCellphone": "27836679174",
    "isComplaint": true,
    "customerName": "Customer Name 27"
  },
  {
    "customerSurname": "Customer Surname 56",
    "reason": "Card swallowed",
    "complaintDate": "2021-10-04T16:46:18.917",
    "atmLocation": "CASCADES CENTRE, Shop 26A Cascades Centre, Pietermaritzburg",
    "comments": "I withdrew money and didn't get my card back",
    "complaintRef": "ACR0000023",
    "customerEmail": "customer5@example.com",
    "atmNumber": null,
    "customerCellphone": "27836679174",
    "isComplaint": true,
    "customerName": "Customer Name 31"
  },
  {
    "customerSurname": "Customer Surname 56",
    "reason": "Card swallowed",
    "complaintDate": "2021-10-04T16:46:18.917",
    "atmLocation": "CASCADES CENTRE, Shop 26A Cascades Centre, Pietermaritzburg",
    "comments": "I withdrew money and didn't get my card back",
    "complaintRef": "ACR0000024",
    "customerEmail": "customer5@example.com",
    "atmNumber": null,
    "customerCellphone": "27836679174",
    "isComplaint": true,
    "customerName": "Customer Nam876"
  },
  {
    "customerSurname": "Customer Surname 56",
    "reason": "Card swallowed",
    "complaintDate": "2021-10-04T16:46:18.917",
    "atmLocation": "CASCADES CENTRE, Shop 26A Cascades Centre, Pietermaritzburg",
    "comments": "I withdrew money and didn't get my card back",
    "complaintRef": "ACR0000025",
    "customerEmail": "customer5@example.com",
    "atmNumber": null,
    "customerCellphone": "27836679174",
    "isComplaint": true,
    "customerName": "Customer dcgfvg"
  },
  {
    "customerSurname": "Customer Surname 56",
    "reason": "Card swallowed",
    "complaintDate": "2021-10-04T16:46:18.917",
    "atmLocation": "CASCADES CENTRE, Shop 26A Cascades Centre, Pietermaritzburg",
    "comments": "I withdrew money and didn't get my card back",
    "complaintRef": "ACR0000026",
    "customerEmail": "customer5@example.com",
    "atmNumber": null,
    "customerCellphone": "27836679174",
    "isComplaint": true,
    "customerName": "Customer dcgfvg"
  },
  {
    "customerSurname": "Customer Surname 3",
    "reason": "Required denominations not available",
    "complaintDate": "2022-04-18T06:34:18.917",
    "atmLocation": "HILCREST BOULEVARD 1, 228 Lynnwood Road, Pretoria",
    "comments": "Required denominations not available",
    "complaintRef": "ACR0000027",
    "customerEmail": "customer2@example.com",
    "atmNumber": null,
    "customerCellphone": "27836679174",
    "isComplaint": true,
    "customerName": "Customer Name 3"
  },
  {
    "customerSurname": "Customer Surname 3",
    "reason": "Required denominations not available",
    "complaintDate": "2022-04-18T06:34:18.917",
    "atmLocation": "HILCREST BOULEVARD 1, 228 Lynnwood Road, Pretoria",
    "comments": "Required denominations not available",
    "complaintRef": "ACR0000028",
    "customerEmail": "customer2@example.com",
    "atmNumber": null,
    "customerCellphone": "27836679174",
    "isComplaint": true,
    "customerName": "Customer Name 3"
  }
]

11:26:27.060 skipping bootstrap configuration: could not find or read file: classpath:karate-config.js
11:26:27.067 request:
1 > POST https://vmsatmapi.vms-atmcc-sit.rbb-banking.sdc-nonprod.caas.absa.co.za/atmcomplaints
1 > Accept: application/json
1 > Accept-Encoding: gzip,deflate
1 > Connection: Keep-Alive
1 > Content-Length: 393
1 > Content-Type: application/json; charset=UTF-8
1 > Host: vmsatmapi.vms-atmcc-sit.rbb-banking.sdc-nonprod.caas.absa.co.za
1 > User-Agent: Apache-HttpClient/4.5.11 (Java/1.8.0_322)
{"ComplaintDate":"2022-04-18T06:34:18.917","CustomerName":"Customer Name 3","CustomerSurname":"Customer Surname 3","CustomerCellphone":"27836679174","CustomerEmail":"customer2@example.com","CtmNumber":"S08132","AtmLocation":"HILCREST BOULEVARD 1, 228 Lynnwood Road, Pretoria","isComplaint":true,"Reason":"Required denominations not available","Comments":"Required denominations not available"}

11:26:27.148 response time in milliseconds: 80.43
1 < 200
1 < Connection: keep-alive
1 < Content-Length: 0
1 < Date: Tue, 19 Apr 2022 09:26:27 GMT
1 < Strict-Transport-Security: max-age=15724800; includeSubDomains

